array (
  'uid' => '19524539',
  'pubdate' => '2009 Jun 12',
  'epubdate' => '',
  'source' => 'Mol Cell',
  'authors' => '
		
			Yannay-Cohen N
			Author
			
		
		
			Carmi-Levy I
			Author
			
		
		
			Kay G
			Author
			
		
		
			Yang CM
			Author
			
		
		
			Han JM
			Author
			
		
		
			Kemeny DM
			Author
			
		
		
			Kim S
			Author
			
		
		
			Nechushtan H
			Author
			
		
		
			Razin E
			Author
			
		
	',
  'lastauthor' => 'Razin E',
  'title' => 'LysRS serves as a key signaling molecule in the immune response by regulating gene expression.',
  'sorttitle' => 'lysrs serves as a key signaling molecule in the immune response by regulating gene expression ',
  'volume' => '34',
  'issue' => '5',
  'pages' => '603-11',
  'lang' => '
		eng
	',
  'nlmuniqueid' => '9802571',
  'issn' => '1097-2765',
  'essn' => '1097-4164',
  'pubtype' => '
		Journal Article
	',
  'recordstatus' => 'PubMed - indexed for MEDLINE',
  'pubstatus' => '4',
  'articleids' => '
		
			pii
			4
			S1097-2765(09)00352-9
		
		
			doi
			3
			10.1016/j.molcel.2009.05.019
		
		
			pubmed
			1
			19524539
		
		
			eid
			8
			19524539
		
		
			rid
			8
			19524539
		
	',
  'history' => '
		
			received
			2008/09/11 00:00
		
		
			revised
			2008/12/31 00:00
		
		
			accepted
			2009/05/26 00:00
		
		
			entrez
			2009/06/16 09:00
		
		
			pubmed
			2009/06/16 09:00
		
		
			medline
			2009/07/18 09:00
		
	',
  'references' => '
	',
  'attributes' => '
		Has Abstract
	',
  'pmcrefcount' => '23',
  'fulljournalname' => 'Molecular cell',
  'elocationid' => 'doi: 10.1016/j.molcel.2009.05.019',
  'viewcount' => '229',
  'doctype' => 'citation',
  'srccontriblist' => '
	',
  'booktitle' => '',
  'medium' => '',
  'edition' => '',
  'publisherlocation' => '',
  'publishername' => '',
  'srcdate' => '',
  'reportnumber' => '',
  'availablefromurl' => '',
  'locationlabel' => '',
  'doccontriblist' => '
	',
  'docdate' => '',
  'bookname' => '',
  'chapter' => '',
  'sortpubdate' => '2009/06/12 00:00',
  'sortfirstauthor' => 'Yannay-Cohen N',
  'vernaculartitle' => '',
  'pubdate_js' => 
  MongoDate::__set_state(array(
     'sec' => 1244764800,
     'usec' => 0,
  )),
)